<?xml version="1.0" encoding="UTF-8"?>
<!-- Generated by org.testng.reporters.JUnitReportReporter -->
<testsuite hostname="Rutuja" failures="0" tests="2" name="teststore.pagetests.LoginPageTest" time="44.043" errors="0" timestamp="2025-01-30T20:43:44 IST" skipped="0">
  <testcase classname="teststore.pagetests.LoginPageTest" name="login" time="22.426"/>
  <testcase classname="teststore.pagetests.LoginPageTest" name="login" time="21.617"/>
</testsuite> <!-- teststore.pagetests.LoginPageTest -->
