<?xml version="1.0" encoding="UTF-8"?>
<!-- Generated by org.testng.reporters.JUnitReportReporter -->
<testsuite hostname="Rutuja" failures="0" tests="1" name="teststore.pagetests.PlaceOrderTest" time="28.867" errors="0" timestamp="2025-02-04T23:17:37 IST" skipped="0">
  <testcase classname="teststore.pagetests.PlaceOrderTest" name="submitOrder" time="28.867"/>
</testsuite> <!-- teststore.pagetests.PlaceOrderTest -->
