<?xml version="1.0" encoding="UTF-8"?>
<!-- Generated by org.testng.reporters.JUnitReportReporter -->
<testsuite hostname="Rutuja" failures="0" tests="1" name="teststore.pagetests.LoginPageTest" time="16.815" errors="0" timestamp="2025-01-17T14:26:53 IST" skipped="0">
  <testcase classname="teststore.pagetests.LoginPageTest" name="login" time="16.815"/>
</testsuite> <!-- teststore.pagetests.LoginPageTest -->
